<?xml version="1.0" encoding="UTF-8"?>
<!-- Generated by org.testng.reporters.JUnitXMLReporter -->
<testsuite hostname="NODE187" name="Surefire test" tests="1" failures="1" timestamp="1 Sep 2016 07:10:30 GMT" time="60.11" errors="0">
  <testcase name="searchFlightTest" time="60.089" classname="com.ct.bookflight.SearchFlightTest">
    <failure type="java.lang.AssertionError" message="window not switched!! expected [true] but found [false]">
      <![CDATA[java.lang.AssertionError: window not switched!! expected [true] but found [false]
	at com.ct.bookflight.SearchFlightTest.searchFlightTest(SearchFlightTest.java:58)
... Removed 31 stack frames]]>
    </failure>
  </testcase> <!-- searchFlightTest -->
</testsuite> <!-- Surefire test -->
