<?xml version="1.0" encoding="UTF-8"?>
<!-- Generated by org.testng.reporters.JUnitXMLReporter -->
<testsuite hostname="NODE187" name="ClearTripTest" tests="1" failures="1" timestamp="1 Sep 2016 11:41:22 GMT" time="50.365" errors="0">
  <testcase name="searchFlightTest" time="49.543" classname="com.ct.bookflight.SearchFlightTest">
    <failure type="java.lang.AssertionError" message="window not switched!! expected [true] but found [false]">
      <![CDATA[java.lang.AssertionError: window not switched!! expected [true] but found [false]
	at com.ct.bookflight.SearchFlightTest.searchFlightTest(SearchFlightTest.java:61)
	at java.util.concurrent.ThreadPoolExecutor.runWorker(Unknown Source)
	at java.util.concurrent.ThreadPoolExecutor$Worker.run(Unknown Source)
	at java.lang.Thread.run(Unknown Source)
... Removed 13 stack frames]]>
    </failure>
  </testcase> <!-- searchFlightTest -->
</testsuite> <!-- ClearTripTest -->
