<?xml version="1.0" encoding="UTF-8"?>
<testng-results skipped="0" failed="1" total="1" passed="0">
  <reporter-output>
  </reporter-output>
  <suite name="Suite" duration-ms="50365" started-at="2016-09-01T11:40:32Z" finished-at="2016-09-01T11:41:22Z">
    <groups>
    </groups>
    <test name="ClearTripTest" duration-ms="50365" started-at="2016-09-01T11:40:32Z" finished-at="2016-09-01T11:41:22Z">
      <class name="com.ct.bookflight.SearchFlightTest">
        <test-method status="FAIL" signature="searchFlightTest()[pri:0, instance:com.ct.bookflight.SearchFlightTest@48aee668]" name="searchFlightTest" duration-ms="49543" started-at="2016-09-01T17:10:32Z" finished-at="2016-09-01T17:11:21Z">
          <exception class="java.lang.AssertionError">
            <message>
              <![CDATA[window not switched!! expected [true] but found [false]]]>
            </message>
            <full-stacktrace>
              <![CDATA[java.lang.AssertionError: window not switched!! expected [true] but found [false]
	at org.testng.Assert.fail(Assert.java:94)
	at org.testng.Assert.failNotEquals(Assert.java:513)
	at org.testng.Assert.assertTrue(Assert.java:42)
	at com.ct.bookflight.SearchFlightTest.searchFlightTest(SearchFlightTest.java:61)
	at sun.reflect.NativeMethodAccessorImpl.invoke0(Native Method)
	at sun.reflect.NativeMethodAccessorImpl.invoke(Unknown Source)
	at sun.reflect.DelegatingMethodAccessorImpl.invoke(Unknown Source)
	at java.lang.reflect.Method.invoke(Unknown Source)
	at org.testng.internal.MethodInvocationHelper.invokeMethod(MethodInvocationHelper.java:86)
	at org.testng.internal.Invoker.invokeMethod(Invoker.java:643)
	at org.testng.internal.Invoker.invokeTestMethod(Invoker.java:820)
	at org.testng.internal.Invoker.invokeTestMethods(Invoker.java:1128)
	at org.testng.internal.TestMethodWorker.invokeTestMethods(TestMethodWorker.java:129)
	at org.testng.internal.TestMethodWorker.run(TestMethodWorker.java:112)
	at java.util.concurrent.ThreadPoolExecutor.runWorker(Unknown Source)
	at java.util.concurrent.ThreadPoolExecutor$Worker.run(Unknown Source)
	at java.lang.Thread.run(Unknown Source)
]]>
            </full-stacktrace>
          </exception> <!-- java.lang.AssertionError -->
          <reporter-output>
          </reporter-output>
        </test-method> <!-- searchFlightTest -->
      </class> <!-- com.ct.bookflight.SearchFlightTest -->
    </test> <!-- ClearTripTest -->
  </suite> <!-- Suite -->
</testng-results>
